 Total Nb of available Diagnostics: ndiagt=   727
------------------------------------------------------------------------------------
  Num  |<-Name->|Levs|  mate |<- code ->|<--  Units   -->|<- Tile (max=80c)         
------------------------------------------------------------------------------------
     1 |SDIAG1  |  1 |       |SM      L1|user-defined    |User-Defined   Surface   Diagnostic  #1
     2 |SDIAG2  |  1 |       |SM      L1|user-defined    |User-Defined   Surface   Diagnostic  #2
     3 |SDIAG3  |  1 |       |SM      L1|user-defined    |User-Defined   Surface   Diagnostic  #3
     4 |SDIAG4  |  1 |       |SM      L1|user-defined    |User-Defined   Surface   Diagnostic  #4
     5 |SDIAG5  |  1 |       |SM      L1|user-defined    |User-Defined   Surface   Diagnostic  #5
     6 |SDIAG6  |  1 |       |SM      L1|user-defined    |User-Defined   Surface   Diagnostic  #6
     7 |SDIAG7  |  1 |       |SU      L1|user-defined    |User-Defined U.pt Surface Diagnostic #7
     8 |SDIAG8  |  1 |       |SV      L1|user-defined    |User-Defined V.pt Surface Diagnostic #8
     9 |SDIAG9  |  1 |    10 |UU      L1|user-defined    |User-Defined U.vector Surface Diag.  #9
    10 |SDIAG10 |  1 |     9 |VV      L1|user-defined    |User-Defined V.vector Surface Diag. #10
    11 |UDIAG1  | 23 |       |SM      MR|user-defined    |User-Defined Model-Level Diagnostic  #1
    12 |UDIAG2  | 23 |       |SM      MR|user-defined    |User-Defined Model-Level Diagnostic  #2
    13 |UDIAG3  | 23 |       |SMR     MR|user-defined    |User-Defined Model-Level Diagnostic  #3
    14 |UDIAG4  | 23 |       |SMR     MR|user-defined    |User-Defined Model-Level Diagnostic  #4
    15 |UDIAG5  | 23 |       |SU      MR|user-defined    |User-Defined U.pt Model-Level Diag.  #5
    16 |UDIAG6  | 23 |       |SV      MR|user-defined    |User-Defined V.pt Model-Level Diag.  #6
    17 |UDIAG7  | 23 |    18 |UUR     MR|user-defined    |User-Defined U.vector Model-Lev Diag.#7
    18 |UDIAG8  | 23 |    17 |VVR     MR|user-defined    |User-Defined V.vector Model-Lev Diag.#8
    19 |UDIAG9  | 23 |       |SM      ML|user-defined    |User-Defined Phys-Level  Diagnostic  #9
    20 |UDIAG10 | 23 |       |SM      ML|user-defined    |User-Defined Phys-Level  Diagnostic #10
    21 |SDIAGC  |  1 |    22 |SM  C   L1|user-defined    |User-Defined Counted Surface Diagnostic
    22 |SDIAGCC |  1 |       |SM      L1|count           |User-Defined Surface Diagnostic Counter
    23 |ETAN    |  1 |       |SM      M1|m               |Surface Height Anomaly
    24 |ETANSQ  |  1 |       |SM P    M1|m^2             |Square of Surface Height Anomaly
    25 |DETADT2 |  1 |       |SM      M1|m^2/s^2         |Square of Surface Height Anomaly Tendency
    26 |THETA   | 23 |       |SMR     MR|degC            |Potential Temperature
    27 |SALT    | 23 |       |SMR     MR|psu             |Salinity
    28 |RELHUM  | 23 |       |SMR     MR|percent         |Relative Humidity
    29 |SALTanom| 23 |       |SMR     MR|psu             |Salt anomaly (=SALT-35; g/kg)
    30 |UVEL    | 23 |    31 |UUR     MR|m/s             |Zonal Component of Velocity (m/s)
    31 |VVEL    | 23 |    30 |VVR     MR|m/s             |Meridional Component of Velocity (m/s)
    32 |WVEL    | 23 |       |WM      LR|m/s             |Vertical Component of Velocity (r_units/s)
    33 |THETASQ | 23 |       |SMRP    MR|degC^2          |Square of Potential Temperature
    34 |SALTSQ  | 23 |       |SMRP    MR|(psu)^2         |Square of Salinity
    35 |SALTSQan| 23 |       |SMRP    MR|(psu)^2         |Square of Salt anomaly (=(SALT-35)^2 (g^2/kg^2)
    36 |UVELSQ  | 23 |    37 |UURP    MR|m^2/s^2         |Square of Zonal Comp of Velocity (m^2/s^2)
    37 |VVELSQ  | 23 |    36 |VVRP    MR|m^2/s^2         |Square of Meridional Comp of Velocity (m^2/s^2)
    38 |WVELSQ  | 23 |       |WM P    LR|m^2/s^2         |Square of Vertical Comp of Velocity
    39 |UE_VEL_C| 23 |    40 |UMR     MR|m/s             |Eastward Velocity (m/s) (cell center)
    40 |VN_VEL_C| 23 |    39 |VMR     MR|m/s             |Northward Velocity (m/s) (cell center)
    41 |UV_VEL_C| 23 |    41 |UMR     MR|m^2/s^2         |Product of horizontal Comp of velocity (cell center)
    42 |UV_VEL_Z| 23 |    42 |UZR     MR|m^2/s^2         |Meridional Transport of Zonal Momentum (m^2/s^2)
    43 |WU_VEL  | 23 |       |WU      LR|m.m/s^2         |Vertical Transport of Zonal Momentum
    44 |WV_VEL  | 23 |       |WV      LR|m.m/s^2         |Vertical Transport of Meridional Momentum
    45 |UVELMASS| 23 |    46 |UUr     MR|m/s             |Zonal Mass-Weighted Comp of Velocity (m/s)
    46 |VVELMASS| 23 |    45 |VVr     MR|m/s             |Meridional Mass-Weighted Comp of Velocity (m/s)
    47 |WVELMASS| 23 |       |WM      LR|m/s             |Vertical Mass-Weighted Comp of Velocity
    48 |PhiVEL  | 23 |    45 |SMR P   MR|m^2/s           |Horizontal Velocity Potential (m^2/s)
    49 |PsiVEL  | 23 |    48 |SZ  P   MR|m.m^2/s         |Horizontal Velocity Stream-Function
    50 |UTHMASS | 23 |    51 |UUr     MR|degC.m/s        |Zonal Mass-Weight Transp of Pot Temp
    51 |VTHMASS | 23 |    50 |VVr     MR|degC.m/s        |Meridional Mass-Weight Transp of Pot Temp
    52 |WTHMASS | 23 |       |WM      LR|degC.m/s        |Vertical Mass-Weight Transp of Pot Temp (K.m/s)
    53 |USLTMASS| 23 |    54 |UUr     MR|psu.m/s         |Zonal Mass-Weight Transp of Salinity
    54 |VSLTMASS| 23 |    53 |VVr     MR|psu.m/s         |Meridional Mass-Weight Transp of Salinity
    55 |WSLTMASS| 23 |       |WM      LR|psu.m/s         |Vertical Mass-Weight Transp of Salinity
    56 |UVELTH  | 23 |    57 |UUR     MR|degC.m/s        |Zonal Transport of Pot Temp
    57 |VVELTH  | 23 |    56 |VVR     MR|degC.m/s        |Meridional Transport of Pot Temp
    58 |WVELTH  | 23 |       |WM      LR|degC.m/s        |Vertical Transport of Pot Temp
    59 |UVELSLT | 23 |    60 |UUR     MR|psu.m/s         |Zonal Transport of Salinity
    60 |VVELSLT | 23 |    59 |VVR     MR|psu.m/s         |Meridional Transport of Salinity
    61 |WVELSLT | 23 |       |WM      LR|psu.m/s         |Vertical Transport of Salinity
    62 |UVELPHI | 23 |    63 |UUr     MR|m^3/s^3         |Zonal Mass-Weight Transp of Pressure Pot.(p/rho) Anomaly
    63 |VVELPHI | 23 |    62 |VVr     MR|m^3/s^3         |Merid. Mass-Weight Transp of Pressure Pot.(p/rho) Anomaly
    64 |RHOAnoma| 23 |       |SMR     MR|kg/m^3          |Density Anomaly (=Rho-rhoConst)
    65 |RHOANOSQ| 23 |       |SMRP    MR|kg^2/m^6        |Square of Density Anomaly (=(Rho-rhoConst)^2)
    66 |URHOMASS| 23 |    67 |UUr     MR|kg/m^2/s        |Zonal Transport of Density
    67 |VRHOMASS| 23 |    66 |VVr     MR|kg/m^2/s        |Meridional Transport of Density
    68 |WRHOMASS| 23 |       |WM      LR|kg/m^2/s        |Vertical Transport of Density
    69 |WdRHO_P | 23 |       |WM      LR|kg/m^2/s        |Vertical velocity times delta^k(Rho)_at-const-P
    70 |WdRHOdP | 23 |       |WM      LR|kg/m^2/s        |Vertical velocity times delta^k(Rho)_at-const-T,S
    71 |PHIHYD  | 23 |       |SMR     MR|m^2/s^2         |Hydrostatic Pressure Pot.(p/rho) Anomaly
    72 |PHIHYDSQ| 23 |       |SMRP    MR|m^4/s^4         |Square of Hyd. Pressure Pot.(p/rho) Anomaly
    73 |PHIBOT  |  1 |       |SM      M1|m^2/s^2         |Bottom Pressure Pot.(p/rho) Anomaly
    74 |PHIBOTSQ|  1 |       |SM P    M1|m^4/s^4         |Square of Bottom Pressure Pot.(p/rho) Anomaly
    75 |PHI_SURF|  1 |       |SM      M1|m^2/s^2         |Surface Dynamical Pressure Pot.(p/rho)
    76 |MXLDEPTH|  1 |       |SM      M1|m               |Mixed-Layer Depth (>0)
    77 |DRHODR  | 23 |       |SM      LR|kg/m^4          |Stratification: d.Sigma/dr (kg/m3/r_unit)
    78 |CONVADJ | 23 |       |SMR     LR|fraction        |Convective Adjustment Index [0-1]
    79 |oceTAUX |  1 |    80 |UU      U1|N/m^2           |zonal surface wind stress, >0 increases uVel
    80 |oceTAUY |  1 |    79 |VV      U1|N/m^2           |meridional surf. wind stress, >0 increases vVel
    81 |atmPload|  1 |       |SM      U1|Pa              |Atmospheric pressure loading anomaly (vs surf_pRef)
    82 |sIceLoad|  1 |       |SM      U1|kg/m^2          |sea-ice loading (in Mass of ice+snow / area unit)
    83 |oceFWflx|  1 |       |SM      U1|kg/m^2/s        |net surface Fresh-Water flux into the ocean (+=down), >0 decreases salinity
    84 |oceSflux|  1 |       |SM      U1|g/m^2/s         |net surface Salt flux into the ocean (+=down), >0 increases salinity
    85 |oceQnet |  1 |       |SM      U1|W/m^2           |net surface heat flux into the ocean (+=down), >0 increases theta
    86 |oceQsw  |  1 |       |SM      U1|W/m^2           |net Short-Wave radiation (+=down), >0 increases theta
    87 |oceFreez|  1 |       |SM      U1|W/m^2           |heating from freezing of sea-water (allowFreezing=T)
    88 |TRELAX  |  1 |       |SM      U1|W/m^2           |surface temperature relaxation, >0 increases theta
    89 |SRELAX  |  1 |       |SM      U1|g/m^2/s         |surface salinity relaxation, >0 increases salt
    90 |surForcT|  1 |       |SM      U1|W/m^2           |model surface forcing for Temperature, >0 increases theta
    91 |surForcS|  1 |       |SM      U1|g/m^2/s         |model surface forcing for Salinity, >0 increases salinity
    92 |TFLUX   |  1 |       |SM      U1|W/m^2           |total heat flux (match heat-content variations), >0 increases theta
    93 |SFLUX   |  1 |       |SM      U1|g/m^2/s         |total salt flux (match salt-content variations), >0 increases salt
    94 |RCENTER | 23 |       |SM      MR|m               |Cell-Center Height
    95 |RSURF   |  1 |       |SM      M1|m               |Surface Height
    96 |TOTUTEND| 23 |    97 |UUR     MR|m/s/day         |Tendency of Zonal Component of Velocity
    97 |TOTVTEND| 23 |    96 |VVR     MR|m/s/day         |Tendency of Meridional Component of Velocity
    98 |TOTTTEND| 23 |       |SMR     MR|degC/day        |Tendency of Potential Temperature
    99 |TOTSTEND| 23 |       |SMR     MR|psu/day         |Tendency of Salinity
------------------------------------------------------------------------------------
  Num  |<-Name->|Levs|  mate |<- code ->|<--  Units   -->|<- Tile (max=80c)         
------------------------------------------------------------------------------------
   100 |MoistCor| 23 |       |SM      MR|W/m^2           |Heating correction due to moist thermodynamics
   101 |gT_Forc | 23 |       |SMR     MR|degC/s          |Potential Temp. forcing tendency
   102 |gS_Forc | 23 |       |SMR     MR|psu/s           |Salinity forcing tendency
   103 |AB_gT   | 23 |       |SMR     MR|degC/s          |Potential Temp. tendency from Adams-Bashforth
   104 |AB_gS   | 23 |       |SMR     MR|psu/s           |Salinity tendency from Adams-Bashforth
   105 |gTinAB  | 23 |       |SMR     MR|degC/s          |Potential Temp. tendency going in Adams-Bashforth
   106 |gSinAB  | 23 |       |SMR     MR|psu/s           |Salinity tendency going in Adams-Bashforth
   107 |AB_gU   | 23 |   108 |UUR     MR|m/s^2           |U momentum tendency from Adams-Bashforth
   108 |AB_gV   | 23 |   107 |VVR     MR|m/s^2           |V momentum tendency from Adams-Bashforth
   109 |ADVr_TH | 23 |       |WM      LR|degC.m^3/s      |Vertical   Advective Flux of Pot.Temperature
   110 |ADVx_TH | 23 |   111 |UU      MR|degC.m^3/s      |Zonal      Advective Flux of Pot.Temperature
   111 |ADVy_TH | 23 |   110 |VV      MR|degC.m^3/s      |Meridional Advective Flux of Pot.Temperature
   112 |DFrE_TH | 23 |       |WM      LR|degC.m^3/s      |Vertical Diffusive Flux of Pot.Temperature (Explicit part)
   113 |DFxE_TH | 23 |   114 |UU      MR|degC.m^3/s      |Zonal      Diffusive Flux of Pot.Temperature
   114 |DFyE_TH | 23 |   113 |VV      MR|degC.m^3/s      |Meridional Diffusive Flux of Pot.Temperature
   115 |DFrI_TH | 23 |       |WM      LR|degC.m^3/s      |Vertical Diffusive Flux of Pot.Temperature (Implicit part)
   116 |ADVr_SLT| 23 |       |WM      LR|psu.m^3/s       |Vertical   Advective Flux of Salinity
   117 |ADVx_SLT| 23 |   118 |UU      MR|psu.m^3/s       |Zonal      Advective Flux of Salinity
   118 |ADVy_SLT| 23 |   117 |VV      MR|psu.m^3/s       |Meridional Advective Flux of Salinity
   119 |DFrE_SLT| 23 |       |WM      LR|psu.m^3/s       |Vertical Diffusive Flux of Salinity    (Explicit part)
   120 |DFxE_SLT| 23 |   121 |UU      MR|psu.m^3/s       |Zonal      Diffusive Flux of Salinity
   121 |DFyE_SLT| 23 |   120 |VV      MR|psu.m^3/s       |Meridional Diffusive Flux of Salinity
   122 |DFrI_SLT| 23 |       |WM      LR|psu.m^3/s       |Vertical Diffusive Flux of Salinity    (Implicit part)
   123 |SALTFILL| 23 |       |SM      MR|psu.m^3/s       |Filling of Negative Values of Salinity
   124 |EXFhs   |  1 |       |SM      U1|W/m^2           |Sensible heat flux into ocean, >0 increases theta
   125 |EXFhl   |  1 |       |SM      U1|W/m^2           |Latent heat flux into ocean, >0 increases theta
   126 |EXFlwnet|  1 |       |SM      U1|W/m^2           |Net upward longwave radiation, >0 decreases theta
   127 |EXFswnet|  1 |       |SM      U1|W/m^2           |Net upward shortwave radiation, >0 decreases theta
   128 |EXFlwdn |  1 |       |SM      U1|W/m^2           |Downward longwave radiation, >0 increases theta
   129 |EXFswdn |  1 |       |SM      U1|W/m^2           |Downward shortwave radiation, >0 increases theta
   130 |EXFqnet |  1 |       |SM      U1|W/m^2           |Net upward heat flux (turb+rad), >0 decreases theta
   131 |EXFtaux |  1 |       |UM      U1|N/m^2           |zonal surface wind stress, >0 increases uVel
   132 |EXFtauy |  1 |       |VM      U1|N/m^2           |meridional surface wind stress, >0 increases vVel
   133 |EXFuwind|  1 |       |UM      U1|m/s             |zonal 10-m wind speed, >0 eastward
   134 |EXFvwind|  1 |       |VM      U1|m/s             |meridional 10-m wind speed, >0 northward
   135 |EXFwspee|  1 |       |SM      U1|m/s             |10-m wind speed modulus ( >= 0 )
   136 |EXFatemp|  1 |       |SM      U1|degK            |surface (2-m) air temperature
   137 |EXFaqh  |  1 |       |SM      U1|kg/kg           |surface (2-m) specific humidity
   138 |EXFevap |  1 |       |SM      U1|m/s             |evaporation, > 0 increases salinity
   139 |EXFpreci|  1 |       |SM      U1|m/s             |precipitation, > 0 decreases salinity
   140 |EXFsnow |  1 |       |SM      U1|m/s             |snow precipitation, > 0 decreases salinity
   141 |EXFempmr|  1 |       |SM      U1|m/s             |net upward freshwater flux, > 0 increases salinity
   142 |EXFpress|  1 |       |SM      U1|N/m^2           |atmospheric pressure field
   143 |EXFroff |  1 |       |SM      U1|m/s             |river runoff, > 0 decreases salinity
   144 |EXFroft |  1 |       |SM      U1|deg C           |river runoff temperature
   145 |EXFsalfx|  1 |       |SM      U1|psu.kg/m^2/s    |upward salt flux, > 0 decreases salinity
   146 |KPPviscA| 23 |       |SM P    LR|m^2/s           |KPP vertical eddy viscosity coefficient
   147 |KPPdiffS| 23 |       |SM P    LR|m^2/s           |Vertical diffusion coefficient for salt & tracers
   148 |KPPdiffT| 23 |       |SM P    LR|m^2/s           |Vertical diffusion coefficient for heat
   149 |KPPghatK| 23 |       |SM P    LR|0-1             |ratio of KPP non-local (salt) flux relative to surface-flux
   150 |KPPhbl  |  1 |       |SM P     1|m               |KPP boundary layer depth, bulk Ri criterion
   151 |KPPfrac |  1 |       |SM P     1|                |Short-wave flux fraction penetrating mixing layer
   152 |KPPdbsfc| 23 |       |SM P    UR|m/s^2           |Buoyancy difference with respect to surface
   153 |KPPbfsfc| 23 |       |SM P    UR|m^2/s^3         |Bo+radiation absorbed to d=hbf*hbl + plume
   154 |KPPRi   | 23 |       |SM P    UR|non-dimensional |Bulk Richardson number
   155 |KPPbo   |  1 |       |SM P     1|m^2/s^3         |Surface turbulent buoyancy forcing
   156 |KPPbosol|  1 |       |SM P     1|m^2/s^3         |surface radiative buoyancy forcing
   157 |KPPdbloc| 23 |       |SM P    UR|m/s^2           |Local delta buoyancy across interfaces
   158 |KPPnuddt| 23 |       |SM P    UR|m^2/s           |Vertical double diffusion coefficient for heat
   159 |KPPnudds| 23 |       |SM P    UR|m^2/s           |Vertical double diffusion coefficient for salt
   160 |KPPg_TH | 23 |       |WM      LR|degC.m^3/s      |KPP non-local Flux of Pot.Temperature
   161 |KPPg_SLT| 23 |       |WM      LR|psu.m^3/s       |KPP non-local Flux of Salinity
   162 |GM_VisbK|  1 |       |SM P    M1|m^2/s           |Mixing coefficient from Visbeck etal parameterization
   163 |GM_hTrsL|  1 |       |SM P    M1|m               |Base depth (>0) of the Transition Layer
   164 |GM_baseS|  1 |       |SM P    M1|1               |Slope at the base of the Transition Layer
   165 |GM_rLamb|  1 |       |SM P    M1|1/m             |Slope vertical gradient at Trans. Layer Base (=recip.Lambda)
   166 |SubMesLf|  1 |       |SM P    M1|m               |Sub-Meso horiz. Length Scale (Lf)
   167 |SubMpsiX|  1 |   168 |UU      M1|m^2/s           |Sub-Meso transp.stream-funct. magnitude (Psi0): U component
   168 |SubMpsiY|  1 |   167 |VV      M1|m^2/s           |Sub-Meso transp.stream-funct. magnitude (Psi0): V component
   169 |GM_Kux  | 23 |   170 |UU P    MR|m^2/s           |K_11 element (U.point, X.dir) of GM-Redi tensor
   170 |GM_Kvy  | 23 |   169 |VV P    MR|m^2/s           |K_22 element (V.point, Y.dir) of GM-Redi tensor
   171 |GM_Kuz  | 23 |   172 |UU      MR|m^2/s           |K_13 element (U.point, Z.dir) of GM-Redi tensor
   172 |GM_Kvz  | 23 |   171 |VV      MR|m^2/s           |K_23 element (V.point, Z.dir) of GM-Redi tensor
   173 |GM_Kwx  | 23 |   174 |UM      LR|m^2/s           |K_31 element (W.point, X.dir) of GM-Redi tensor
   174 |GM_Kwy  | 23 |   173 |VM      LR|m^2/s           |K_32 element (W.point, Y.dir) of GM-Redi tensor
   175 |GM_Kwz  | 23 |       |WM P    LR|m^2/s           |K_33 element (W.point, Z.dir) of GM-Redi tensor
   176 |GM_PsiX | 23 |   177 |UU      LR|m^2/s           |GM Bolus transport stream-function : U component
   177 |GM_PsiY | 23 |   176 |VV      LR|m^2/s           |GM Bolus transport stream-function : V component
   178 |GM_KuzTz| 23 |   179 |UU      MR|degC.m^3/s      |Redi Off-diagonal Temperature flux: X component
   179 |GM_KvzTz| 23 |   178 |VV      MR|degC.m^3/s      |Redi Off-diagonal Temperature flux: Y component
   180 |GM_KwzTz| 23 |       |WM      LR|degC.m^3/s      |Redi main-diagonal vertical Temperature flux
   181 |GM_ubT  | 23 |   182 |UUr     MR|degC.m^3/s      |Zonal Mass-Weight Bolus Transp of Pot Temp
   182 |GM_vbT  | 23 |   181 |VVr     MR|degC.m^3/s      |Meridional Mass-Weight Bolus Transp of Pot Temp
   183 |TRAC01  | 23 |       |SMR     MR|mmol C/         |DIC concentration
   184 |UTRAC01 | 23 |   185 |UUr     MR|mmolC/.m/s      |Zonal Mass-Weighted Transp of DIC
   185 |VTRAC01 | 23 |   184 |VVr     MR|mmolC/.m/s      |Merid Mass-Weighted Transp of DIC
   186 |WTRAC01 | 23 |       |WM      MR|mmolC/.m/s      |Vert  Mass-Weighted Transp of DIC
   187 |ForcTr01| 23 |       |SMR     MR|mmolC//s        |DIC forcing tendency
   188 |AB_gTr01| 23 |       |SMR     MR|mmolC//s        |DIC tendency from Adams-Bashforth
   189 |Tp_gTr01| 23 |       |SMR     MR|mmolC//s        |DIC total transport tendency (before gchem_forcing_sep)
   190 |ADVrTr01| 23 |       |WM      LR|mmolC/.m^3/s    |Vertical   Advective Flux of DIC
   191 |ADVxTr01| 23 |   192 |UU      MR|mmolC/.m^3/s    |Zonal      Advective Flux of DIC
   192 |ADVyTr01| 23 |   191 |VV      MR|mmolC/.m^3/s    |Meridional Advective Flux of DIC
   193 |DFrETr01| 23 |       |WM      LR|mmolC/.m^3/s    |Vertical Diffusive Flux of DIC (Explicit part)
   194 |DFxETr01| 23 |   195 |UU      MR|mmolC/.m^3/s    |Zonal      Diffusive Flux of DIC
   195 |DFyETr01| 23 |   194 |VV      MR|mmolC/.m^3/s    |Meridional Diffusive Flux of DIC
   196 |DFrITr01| 23 |       |WM      LR|mmolC/.m^3/s    |Vertical Diffusive Flux of DIC (Implicit part)
   197 |KPPgTr01| 23 |       |WM      LR|mmolC/.m^3/s    |KPP non-local Flux of DIC
   198 |TRAC02  | 23 |       |SMR     MR|mmol N/         |NO3 concentration
   199 |UTRAC02 | 23 |   200 |UUr     MR|mmolN/.m/s      |Zonal Mass-Weighted Transp of NO3
------------------------------------------------------------------------------------
  Num  |<-Name->|Levs|  mate |<- code ->|<--  Units   -->|<- Tile (max=80c)         
------------------------------------------------------------------------------------
   200 |VTRAC02 | 23 |   199 |VVr     MR|mmolN/.m/s      |Merid Mass-Weighted Transp of NO3
   201 |WTRAC02 | 23 |       |WM      MR|mmolN/.m/s      |Vert  Mass-Weighted Transp of NO3
   202 |ForcTr02| 23 |       |SMR     MR|mmolN//s        |NO3 forcing tendency
   203 |AB_gTr02| 23 |       |SMR     MR|mmolN//s        |NO3 tendency from Adams-Bashforth
   204 |Tp_gTr02| 23 |       |SMR     MR|mmolN//s        |NO3 total transport tendency (before gchem_forcing_sep)
   205 |ADVrTr02| 23 |       |WM      LR|mmolN/.m^3/s    |Vertical   Advective Flux of NO3
   206 |ADVxTr02| 23 |   207 |UU      MR|mmolN/.m^3/s    |Zonal      Advective Flux of NO3
   207 |ADVyTr02| 23 |   206 |VV      MR|mmolN/.m^3/s    |Meridional Advective Flux of NO3
   208 |DFrETr02| 23 |       |WM      LR|mmolN/.m^3/s    |Vertical Diffusive Flux of NO3 (Explicit part)
   209 |DFxETr02| 23 |   210 |UU      MR|mmolN/.m^3/s    |Zonal      Diffusive Flux of NO3
   210 |DFyETr02| 23 |   209 |VV      MR|mmolN/.m^3/s    |Meridional Diffusive Flux of NO3
   211 |DFrITr02| 23 |       |WM      LR|mmolN/.m^3/s    |Vertical Diffusive Flux of NO3 (Implicit part)
   212 |KPPgTr02| 23 |       |WM      LR|mmolN/.m^3/s    |KPP non-local Flux of NO3
   213 |TRAC03  | 23 |       |SMR     MR|mmol N/         |NO2 concentration
   214 |UTRAC03 | 23 |   215 |UUr     MR|mmolN/.m/s      |Zonal Mass-Weighted Transp of NO2
   215 |VTRAC03 | 23 |   214 |VVr     MR|mmolN/.m/s      |Merid Mass-Weighted Transp of NO2
   216 |WTRAC03 | 23 |       |WM      MR|mmolN/.m/s      |Vert  Mass-Weighted Transp of NO2
   217 |ForcTr03| 23 |       |SMR     MR|mmolN//s        |NO2 forcing tendency
   218 |AB_gTr03| 23 |       |SMR     MR|mmolN//s        |NO2 tendency from Adams-Bashforth
   219 |Tp_gTr03| 23 |       |SMR     MR|mmolN//s        |NO2 total transport tendency (before gchem_forcing_sep)
   220 |ADVrTr03| 23 |       |WM      LR|mmolN/.m^3/s    |Vertical   Advective Flux of NO2
   221 |ADVxTr03| 23 |   222 |UU      MR|mmolN/.m^3/s    |Zonal      Advective Flux of NO2
   222 |ADVyTr03| 23 |   221 |VV      MR|mmolN/.m^3/s    |Meridional Advective Flux of NO2
   223 |DFrETr03| 23 |       |WM      LR|mmolN/.m^3/s    |Vertical Diffusive Flux of NO2 (Explicit part)
   224 |DFxETr03| 23 |   225 |UU      MR|mmolN/.m^3/s    |Zonal      Diffusive Flux of NO2
   225 |DFyETr03| 23 |   224 |VV      MR|mmolN/.m^3/s    |Meridional Diffusive Flux of NO2
   226 |DFrITr03| 23 |       |WM      LR|mmolN/.m^3/s    |Vertical Diffusive Flux of NO2 (Implicit part)
   227 |KPPgTr03| 23 |       |WM      LR|mmolN/.m^3/s    |KPP non-local Flux of NO2
   228 |TRAC04  | 23 |       |SMR     MR|mmol N/         |NH4 concentration
   229 |UTRAC04 | 23 |   230 |UUr     MR|mmolN/.m/s      |Zonal Mass-Weighted Transp of NH4
   230 |VTRAC04 | 23 |   229 |VVr     MR|mmolN/.m/s      |Merid Mass-Weighted Transp of NH4
   231 |WTRAC04 | 23 |       |WM      MR|mmolN/.m/s      |Vert  Mass-Weighted Transp of NH4
   232 |ForcTr04| 23 |       |SMR     MR|mmolN//s        |NH4 forcing tendency
   233 |AB_gTr04| 23 |       |SMR     MR|mmolN//s        |NH4 tendency from Adams-Bashforth
   234 |Tp_gTr04| 23 |       |SMR     MR|mmolN//s        |NH4 total transport tendency (before gchem_forcing_sep)
   235 |ADVrTr04| 23 |       |WM      LR|mmolN/.m^3/s    |Vertical   Advective Flux of NH4
   236 |ADVxTr04| 23 |   237 |UU      MR|mmolN/.m^3/s    |Zonal      Advective Flux of NH4
   237 |ADVyTr04| 23 |   236 |VV      MR|mmolN/.m^3/s    |Meridional Advective Flux of NH4
   238 |DFrETr04| 23 |       |WM      LR|mmolN/.m^3/s    |Vertical Diffusive Flux of NH4 (Explicit part)
   239 |DFxETr04| 23 |   240 |UU      MR|mmolN/.m^3/s    |Zonal      Diffusive Flux of NH4
   240 |DFyETr04| 23 |   239 |VV      MR|mmolN/.m^3/s    |Meridional Diffusive Flux of NH4
   241 |DFrITr04| 23 |       |WM      LR|mmolN/.m^3/s    |Vertical Diffusive Flux of NH4 (Implicit part)
   242 |KPPgTr04| 23 |       |WM      LR|mmolN/.m^3/s    |KPP non-local Flux of NH4
   243 |TRAC05  | 23 |       |SMR     MR|mmol P/         |PO4 concentration
   244 |UTRAC05 | 23 |   245 |UUr     MR|mmolP/.m/s      |Zonal Mass-Weighted Transp of PO4
   245 |VTRAC05 | 23 |   244 |VVr     MR|mmolP/.m/s      |Merid Mass-Weighted Transp of PO4
   246 |WTRAC05 | 23 |       |WM      MR|mmolP/.m/s      |Vert  Mass-Weighted Transp of PO4
   247 |ForcTr05| 23 |       |SMR     MR|mmolP//s        |PO4 forcing tendency
   248 |AB_gTr05| 23 |       |SMR     MR|mmolP//s        |PO4 tendency from Adams-Bashforth
   249 |Tp_gTr05| 23 |       |SMR     MR|mmolP//s        |PO4 total transport tendency (before gchem_forcing_sep)
   250 |ADVrTr05| 23 |       |WM      LR|mmolP/.m^3/s    |Vertical   Advective Flux of PO4
   251 |ADVxTr05| 23 |   252 |UU      MR|mmolP/.m^3/s    |Zonal      Advective Flux of PO4
   252 |ADVyTr05| 23 |   251 |VV      MR|mmolP/.m^3/s    |Meridional Advective Flux of PO4
   253 |DFrETr05| 23 |       |WM      LR|mmolP/.m^3/s    |Vertical Diffusive Flux of PO4 (Explicit part)
   254 |DFxETr05| 23 |   255 |UU      MR|mmolP/.m^3/s    |Zonal      Diffusive Flux of PO4
   255 |DFyETr05| 23 |   254 |VV      MR|mmolP/.m^3/s    |Meridional Diffusive Flux of PO4
   256 |DFrITr05| 23 |       |WM      LR|mmolP/.m^3/s    |Vertical Diffusive Flux of PO4 (Implicit part)
   257 |KPPgTr05| 23 |       |WM      LR|mmolP/.m^3/s    |KPP non-local Flux of PO4
   258 |TRAC06  | 23 |       |SMR     MR|mmol Fe         |FeT concentration
   259 |UTRAC06 | 23 |   260 |UUr     MR|mmolFe.m/s      |Zonal Mass-Weighted Transp of FeT
   260 |VTRAC06 | 23 |   259 |VVr     MR|mmolFe.m/s      |Merid Mass-Weighted Transp of FeT
   261 |WTRAC06 | 23 |       |WM      MR|mmolFe.m/s      |Vert  Mass-Weighted Transp of FeT
   262 |ForcTr06| 23 |       |SMR     MR|mmolFe/s        |FeT forcing tendency
   263 |AB_gTr06| 23 |       |SMR     MR|mmolFe/s        |FeT tendency from Adams-Bashforth
   264 |Tp_gTr06| 23 |       |SMR     MR|mmolFe/s        |FeT total transport tendency (before gchem_forcing_sep)
   265 |ADVrTr06| 23 |       |WM      LR|mmolFe.m^3/s    |Vertical   Advective Flux of FeT
   266 |ADVxTr06| 23 |   267 |UU      MR|mmolFe.m^3/s    |Zonal      Advective Flux of FeT
   267 |ADVyTr06| 23 |   266 |VV      MR|mmolFe.m^3/s    |Meridional Advective Flux of FeT
   268 |DFrETr06| 23 |       |WM      LR|mmolFe.m^3/s    |Vertical Diffusive Flux of FeT (Explicit part)
   269 |DFxETr06| 23 |   270 |UU      MR|mmolFe.m^3/s    |Zonal      Diffusive Flux of FeT
   270 |DFyETr06| 23 |   269 |VV      MR|mmolFe.m^3/s    |Meridional Diffusive Flux of FeT
   271 |DFrITr06| 23 |       |WM      LR|mmolFe.m^3/s    |Vertical Diffusive Flux of FeT (Implicit part)
   272 |KPPgTr06| 23 |       |WM      LR|mmolFe.m^3/s    |KPP non-local Flux of FeT
   273 |TRAC07  | 23 |       |SMR     MR|mmol Si         |SiO2 concentration
   274 |UTRAC07 | 23 |   275 |UUr     MR|mmolSi.m/s      |Zonal Mass-Weighted Transp of SiO2
   275 |VTRAC07 | 23 |   274 |VVr     MR|mmolSi.m/s      |Merid Mass-Weighted Transp of SiO2
   276 |WTRAC07 | 23 |       |WM      MR|mmolSi.m/s      |Vert  Mass-Weighted Transp of SiO2
   277 |ForcTr07| 23 |       |SMR     MR|mmolSi/s        |SiO2 forcing tendency
   278 |AB_gTr07| 23 |       |SMR     MR|mmolSi/s        |SiO2 tendency from Adams-Bashforth
   279 |Tp_gTr07| 23 |       |SMR     MR|mmolSi/s        |SiO2 total transport tendency (before gchem_forcing_sep)
   280 |ADVrTr07| 23 |       |WM      LR|mmolSi.m^3/s    |Vertical   Advective Flux of SiO2
   281 |ADVxTr07| 23 |   282 |UU      MR|mmolSi.m^3/s    |Zonal      Advective Flux of SiO2
   282 |ADVyTr07| 23 |   281 |VV      MR|mmolSi.m^3/s    |Meridional Advective Flux of SiO2
   283 |DFrETr07| 23 |       |WM      LR|mmolSi.m^3/s    |Vertical Diffusive Flux of SiO2 (Explicit part)
   284 |DFxETr07| 23 |   285 |UU      MR|mmolSi.m^3/s    |Zonal      Diffusive Flux of SiO2
   285 |DFyETr07| 23 |   284 |VV      MR|mmolSi.m^3/s    |Meridional Diffusive Flux of SiO2
   286 |DFrITr07| 23 |       |WM      LR|mmolSi.m^3/s    |Vertical Diffusive Flux of SiO2 (Implicit part)
   287 |KPPgTr07| 23 |       |WM      LR|mmolSi.m^3/s    |KPP non-local Flux of SiO2
   288 |TRAC08  | 23 |       |SMR     MR|mmol C/         |DOC concentration
   289 |UTRAC08 | 23 |   290 |UUr     MR|mmolC/.m/s      |Zonal Mass-Weighted Transp of DOC
   290 |VTRAC08 | 23 |   289 |VVr     MR|mmolC/.m/s      |Merid Mass-Weighted Transp of DOC
   291 |WTRAC08 | 23 |       |WM      MR|mmolC/.m/s      |Vert  Mass-Weighted Transp of DOC
   292 |ForcTr08| 23 |       |SMR     MR|mmolC//s        |DOC forcing tendency
   293 |AB_gTr08| 23 |       |SMR     MR|mmolC//s        |DOC tendency from Adams-Bashforth
   294 |Tp_gTr08| 23 |       |SMR     MR|mmolC//s        |DOC total transport tendency (before gchem_forcing_sep)
   295 |ADVrTr08| 23 |       |WM      LR|mmolC/.m^3/s    |Vertical   Advective Flux of DOC
   296 |ADVxTr08| 23 |   297 |UU      MR|mmolC/.m^3/s    |Zonal      Advective Flux of DOC
   297 |ADVyTr08| 23 |   296 |VV      MR|mmolC/.m^3/s    |Meridional Advective Flux of DOC
   298 |DFrETr08| 23 |       |WM      LR|mmolC/.m^3/s    |Vertical Diffusive Flux of DOC (Explicit part)
   299 |DFxETr08| 23 |   300 |UU      MR|mmolC/.m^3/s    |Zonal      Diffusive Flux of DOC
------------------------------------------------------------------------------------
  Num  |<-Name->|Levs|  mate |<- code ->|<--  Units   -->|<- Tile (max=80c)         
------------------------------------------------------------------------------------
   300 |DFyETr08| 23 |   299 |VV      MR|mmolC/.m^3/s    |Meridional Diffusive Flux of DOC
   301 |DFrITr08| 23 |       |WM      LR|mmolC/.m^3/s    |Vertical Diffusive Flux of DOC (Implicit part)
   302 |KPPgTr08| 23 |       |WM      LR|mmolC/.m^3/s    |KPP non-local Flux of DOC
   303 |TRAC09  | 23 |       |SMR     MR|mmol N/         |DON concentration
   304 |UTRAC09 | 23 |   305 |UUr     MR|mmolN/.m/s      |Zonal Mass-Weighted Transp of DON
   305 |VTRAC09 | 23 |   304 |VVr     MR|mmolN/.m/s      |Merid Mass-Weighted Transp of DON
   306 |WTRAC09 | 23 |       |WM      MR|mmolN/.m/s      |Vert  Mass-Weighted Transp of DON
   307 |ForcTr09| 23 |       |SMR     MR|mmolN//s        |DON forcing tendency
   308 |AB_gTr09| 23 |       |SMR     MR|mmolN//s        |DON tendency from Adams-Bashforth
   309 |Tp_gTr09| 23 |       |SMR     MR|mmolN//s        |DON total transport tendency (before gchem_forcing_sep)
   310 |ADVrTr09| 23 |       |WM      LR|mmolN/.m^3/s    |Vertical   Advective Flux of DON
   311 |ADVxTr09| 23 |   312 |UU      MR|mmolN/.m^3/s    |Zonal      Advective Flux of DON
   312 |ADVyTr09| 23 |   311 |VV      MR|mmolN/.m^3/s    |Meridional Advective Flux of DON
   313 |DFrETr09| 23 |       |WM      LR|mmolN/.m^3/s    |Vertical Diffusive Flux of DON (Explicit part)
   314 |DFxETr09| 23 |   315 |UU      MR|mmolN/.m^3/s    |Zonal      Diffusive Flux of DON
   315 |DFyETr09| 23 |   314 |VV      MR|mmolN/.m^3/s    |Meridional Diffusive Flux of DON
   316 |DFrITr09| 23 |       |WM      LR|mmolN/.m^3/s    |Vertical Diffusive Flux of DON (Implicit part)
   317 |KPPgTr09| 23 |       |WM      LR|mmolN/.m^3/s    |KPP non-local Flux of DON
   318 |TRAC10  | 23 |       |SMR     MR|mmol P/         |DOP concentration
   319 |UTRAC10 | 23 |   320 |UUr     MR|mmolP/.m/s      |Zonal Mass-Weighted Transp of DOP
   320 |VTRAC10 | 23 |   319 |VVr     MR|mmolP/.m/s      |Merid Mass-Weighted Transp of DOP
   321 |WTRAC10 | 23 |       |WM      MR|mmolP/.m/s      |Vert  Mass-Weighted Transp of DOP
   322 |ForcTr10| 23 |       |SMR     MR|mmolP//s        |DOP forcing tendency
   323 |AB_gTr10| 23 |       |SMR     MR|mmolP//s        |DOP tendency from Adams-Bashforth
   324 |Tp_gTr10| 23 |       |SMR     MR|mmolP//s        |DOP total transport tendency (before gchem_forcing_sep)
   325 |ADVrTr10| 23 |       |WM      LR|mmolP/.m^3/s    |Vertical   Advective Flux of DOP
   326 |ADVxTr10| 23 |   327 |UU      MR|mmolP/.m^3/s    |Zonal      Advective Flux of DOP
   327 |ADVyTr10| 23 |   326 |VV      MR|mmolP/.m^3/s    |Meridional Advective Flux of DOP
   328 |DFrETr10| 23 |       |WM      LR|mmolP/.m^3/s    |Vertical Diffusive Flux of DOP (Explicit part)
   329 |DFxETr10| 23 |   330 |UU      MR|mmolP/.m^3/s    |Zonal      Diffusive Flux of DOP
   330 |DFyETr10| 23 |   329 |VV      MR|mmolP/.m^3/s    |Meridional Diffusive Flux of DOP
   331 |DFrITr10| 23 |       |WM      LR|mmolP/.m^3/s    |Vertical Diffusive Flux of DOP (Implicit part)
   332 |KPPgTr10| 23 |       |WM      LR|mmolP/.m^3/s    |KPP non-local Flux of DOP
   333 |TRAC11  | 23 |       |SMR     MR|mmol Fe         |DOFe concentration
   334 |UTRAC11 | 23 |   335 |UUr     MR|mmolFe.m/s      |Zonal Mass-Weighted Transp of DOFe
   335 |VTRAC11 | 23 |   334 |VVr     MR|mmolFe.m/s      |Merid Mass-Weighted Transp of DOFe
   336 |WTRAC11 | 23 |       |WM      MR|mmolFe.m/s      |Vert  Mass-Weighted Transp of DOFe
   337 |ForcTr11| 23 |       |SMR     MR|mmolFe/s        |DOFe forcing tendency
   338 |AB_gTr11| 23 |       |SMR     MR|mmolFe/s        |DOFe tendency from Adams-Bashforth
   339 |Tp_gTr11| 23 |       |SMR     MR|mmolFe/s        |DOFe total transport tendency (before gchem_forcing_sep)
   340 |ADVrTr11| 23 |       |WM      LR|mmolFe.m^3/s    |Vertical   Advective Flux of DOFe
   341 |ADVxTr11| 23 |   342 |UU      MR|mmolFe.m^3/s    |Zonal      Advective Flux of DOFe
   342 |ADVyTr11| 23 |   341 |VV      MR|mmolFe.m^3/s    |Meridional Advective Flux of DOFe
   343 |DFrETr11| 23 |       |WM      LR|mmolFe.m^3/s    |Vertical Diffusive Flux of DOFe (Explicit part)
   344 |DFxETr11| 23 |   345 |UU      MR|mmolFe.m^3/s    |Zonal      Diffusive Flux of DOFe
   345 |DFyETr11| 23 |   344 |VV      MR|mmolFe.m^3/s    |Meridional Diffusive Flux of DOFe
   346 |DFrITr11| 23 |       |WM      LR|mmolFe.m^3/s    |Vertical Diffusive Flux of DOFe (Implicit part)
   347 |KPPgTr11| 23 |       |WM      LR|mmolFe.m^3/s    |KPP non-local Flux of DOFe
   348 |TRAC12  | 23 |       |SMR     MR|mmol C/         |POC concentration
   349 |UTRAC12 | 23 |   350 |UUr     MR|mmolC/.m/s      |Zonal Mass-Weighted Transp of POC
   350 |VTRAC12 | 23 |   349 |VVr     MR|mmolC/.m/s      |Merid Mass-Weighted Transp of POC
   351 |WTRAC12 | 23 |       |WM      MR|mmolC/.m/s      |Vert  Mass-Weighted Transp of POC
   352 |ForcTr12| 23 |       |SMR     MR|mmolC//s        |POC forcing tendency
   353 |AB_gTr12| 23 |       |SMR     MR|mmolC//s        |POC tendency from Adams-Bashforth
   354 |Tp_gTr12| 23 |       |SMR     MR|mmolC//s        |POC total transport tendency (before gchem_forcing_sep)
   355 |ADVrTr12| 23 |       |WM      LR|mmolC/.m^3/s    |Vertical   Advective Flux of POC
   356 |ADVxTr12| 23 |   357 |UU      MR|mmolC/.m^3/s    |Zonal      Advective Flux of POC
   357 |ADVyTr12| 23 |   356 |VV      MR|mmolC/.m^3/s    |Meridional Advective Flux of POC
   358 |DFrETr12| 23 |       |WM      LR|mmolC/.m^3/s    |Vertical Diffusive Flux of POC (Explicit part)
   359 |DFxETr12| 23 |   360 |UU      MR|mmolC/.m^3/s    |Zonal      Diffusive Flux of POC
   360 |DFyETr12| 23 |   359 |VV      MR|mmolC/.m^3/s    |Meridional Diffusive Flux of POC
   361 |DFrITr12| 23 |       |WM      LR|mmolC/.m^3/s    |Vertical Diffusive Flux of POC (Implicit part)
   362 |KPPgTr12| 23 |       |WM      LR|mmolC/.m^3/s    |KPP non-local Flux of POC
   363 |TRAC13  | 23 |       |SMR     MR|mmol N/         |PON concentration
   364 |UTRAC13 | 23 |   365 |UUr     MR|mmolN/.m/s      |Zonal Mass-Weighted Transp of PON
   365 |VTRAC13 | 23 |   364 |VVr     MR|mmolN/.m/s      |Merid Mass-Weighted Transp of PON
   366 |WTRAC13 | 23 |       |WM      MR|mmolN/.m/s      |Vert  Mass-Weighted Transp of PON
   367 |ForcTr13| 23 |       |SMR     MR|mmolN//s        |PON forcing tendency
   368 |AB_gTr13| 23 |       |SMR     MR|mmolN//s        |PON tendency from Adams-Bashforth
   369 |Tp_gTr13| 23 |       |SMR     MR|mmolN//s        |PON total transport tendency (before gchem_forcing_sep)
   370 |ADVrTr13| 23 |       |WM      LR|mmolN/.m^3/s    |Vertical   Advective Flux of PON
   371 |ADVxTr13| 23 |   372 |UU      MR|mmolN/.m^3/s    |Zonal      Advective Flux of PON
   372 |ADVyTr13| 23 |   371 |VV      MR|mmolN/.m^3/s    |Meridional Advective Flux of PON
   373 |DFrETr13| 23 |       |WM      LR|mmolN/.m^3/s    |Vertical Diffusive Flux of PON (Explicit part)
   374 |DFxETr13| 23 |   375 |UU      MR|mmolN/.m^3/s    |Zonal      Diffusive Flux of PON
   375 |DFyETr13| 23 |   374 |VV      MR|mmolN/.m^3/s    |Meridional Diffusive Flux of PON
   376 |DFrITr13| 23 |       |WM      LR|mmolN/.m^3/s    |Vertical Diffusive Flux of PON (Implicit part)
   377 |KPPgTr13| 23 |       |WM      LR|mmolN/.m^3/s    |KPP non-local Flux of PON
   378 |TRAC14  | 23 |       |SMR     MR|mmol P/         |POP concentration
   379 |UTRAC14 | 23 |   380 |UUr     MR|mmolP/.m/s      |Zonal Mass-Weighted Transp of POP
   380 |VTRAC14 | 23 |   379 |VVr     MR|mmolP/.m/s      |Merid Mass-Weighted Transp of POP
   381 |WTRAC14 | 23 |       |WM      MR|mmolP/.m/s      |Vert  Mass-Weighted Transp of POP
   382 |ForcTr14| 23 |       |SMR     MR|mmolP//s        |POP forcing tendency
   383 |AB_gTr14| 23 |       |SMR     MR|mmolP//s        |POP tendency from Adams-Bashforth
   384 |Tp_gTr14| 23 |       |SMR     MR|mmolP//s        |POP total transport tendency (before gchem_forcing_sep)
   385 |ADVrTr14| 23 |       |WM      LR|mmolP/.m^3/s    |Vertical   Advective Flux of POP
   386 |ADVxTr14| 23 |   387 |UU      MR|mmolP/.m^3/s    |Zonal      Advective Flux of POP
   387 |ADVyTr14| 23 |   386 |VV      MR|mmolP/.m^3/s    |Meridional Advective Flux of POP
   388 |DFrETr14| 23 |       |WM      LR|mmolP/.m^3/s    |Vertical Diffusive Flux of POP (Explicit part)
   389 |DFxETr14| 23 |   390 |UU      MR|mmolP/.m^3/s    |Zonal      Diffusive Flux of POP
   390 |DFyETr14| 23 |   389 |VV      MR|mmolP/.m^3/s    |Meridional Diffusive Flux of POP
   391 |DFrITr14| 23 |       |WM      LR|mmolP/.m^3/s    |Vertical Diffusive Flux of POP (Implicit part)
   392 |KPPgTr14| 23 |       |WM      LR|mmolP/.m^3/s    |KPP non-local Flux of POP
   393 |TRAC15  | 23 |       |SMR     MR|mmol Fe         |POFe concentration
   394 |UTRAC15 | 23 |   395 |UUr     MR|mmolFe.m/s      |Zonal Mass-Weighted Transp of POFe
   395 |VTRAC15 | 23 |   394 |VVr     MR|mmolFe.m/s      |Merid Mass-Weighted Transp of POFe
   396 |WTRAC15 | 23 |       |WM      MR|mmolFe.m/s      |Vert  Mass-Weighted Transp of POFe
   397 |ForcTr15| 23 |       |SMR     MR|mmolFe/s        |POFe forcing tendency
   398 |AB_gTr15| 23 |       |SMR     MR|mmolFe/s        |POFe tendency from Adams-Bashforth
   399 |Tp_gTr15| 23 |       |SMR     MR|mmolFe/s        |POFe total transport tendency (before gchem_forcing_sep)
------------------------------------------------------------------------------------
  Num  |<-Name->|Levs|  mate |<- code ->|<--  Units   -->|<- Tile (max=80c)         
------------------------------------------------------------------------------------
   400 |ADVrTr15| 23 |       |WM      LR|mmolFe.m^3/s    |Vertical   Advective Flux of POFe
   401 |ADVxTr15| 23 |   402 |UU      MR|mmolFe.m^3/s    |Zonal      Advective Flux of POFe
   402 |ADVyTr15| 23 |   401 |VV      MR|mmolFe.m^3/s    |Meridional Advective Flux of POFe
   403 |DFrETr15| 23 |       |WM      LR|mmolFe.m^3/s    |Vertical Diffusive Flux of POFe (Explicit part)
   404 |DFxETr15| 23 |   405 |UU      MR|mmolFe.m^3/s    |Zonal      Diffusive Flux of POFe
   405 |DFyETr15| 23 |   404 |VV      MR|mmolFe.m^3/s    |Meridional Diffusive Flux of POFe
   406 |DFrITr15| 23 |       |WM      LR|mmolFe.m^3/s    |Vertical Diffusive Flux of POFe (Implicit part)
   407 |KPPgTr15| 23 |       |WM      LR|mmolFe.m^3/s    |KPP non-local Flux of POFe
   408 |TRAC16  | 23 |       |SMR     MR|mmol Si         |POSi concentration
   409 |UTRAC16 | 23 |   410 |UUr     MR|mmolSi.m/s      |Zonal Mass-Weighted Transp of POSi
   410 |VTRAC16 | 23 |   409 |VVr     MR|mmolSi.m/s      |Merid Mass-Weighted Transp of POSi
   411 |WTRAC16 | 23 |       |WM      MR|mmolSi.m/s      |Vert  Mass-Weighted Transp of POSi
   412 |ForcTr16| 23 |       |SMR     MR|mmolSi/s        |POSi forcing tendency
   413 |AB_gTr16| 23 |       |SMR     MR|mmolSi/s        |POSi tendency from Adams-Bashforth
   414 |Tp_gTr16| 23 |       |SMR     MR|mmolSi/s        |POSi total transport tendency (before gchem_forcing_sep)
   415 |ADVrTr16| 23 |       |WM      LR|mmolSi.m^3/s    |Vertical   Advective Flux of POSi
   416 |ADVxTr16| 23 |   417 |UU      MR|mmolSi.m^3/s    |Zonal      Advective Flux of POSi
   417 |ADVyTr16| 23 |   416 |VV      MR|mmolSi.m^3/s    |Meridional Advective Flux of POSi
   418 |DFrETr16| 23 |       |WM      LR|mmolSi.m^3/s    |Vertical Diffusive Flux of POSi (Explicit part)
   419 |DFxETr16| 23 |   420 |UU      MR|mmolSi.m^3/s    |Zonal      Diffusive Flux of POSi
   420 |DFyETr16| 23 |   419 |VV      MR|mmolSi.m^3/s    |Meridional Diffusive Flux of POSi
   421 |DFrITr16| 23 |       |WM      LR|mmolSi.m^3/s    |Vertical Diffusive Flux of POSi (Implicit part)
   422 |KPPgTr16| 23 |       |WM      LR|mmolSi.m^3/s    |KPP non-local Flux of POSi
   423 |TRAC17  | 23 |       |SMR     MR|mmol C/         |PIC concentration
   424 |UTRAC17 | 23 |   425 |UUr     MR|mmolC/.m/s      |Zonal Mass-Weighted Transp of PIC
   425 |VTRAC17 | 23 |   424 |VVr     MR|mmolC/.m/s      |Merid Mass-Weighted Transp of PIC
   426 |WTRAC17 | 23 |       |WM      MR|mmolC/.m/s      |Vert  Mass-Weighted Transp of PIC
   427 |ForcTr17| 23 |       |SMR     MR|mmolC//s        |PIC forcing tendency
   428 |AB_gTr17| 23 |       |SMR     MR|mmolC//s        |PIC tendency from Adams-Bashforth
   429 |Tp_gTr17| 23 |       |SMR     MR|mmolC//s        |PIC total transport tendency (before gchem_forcing_sep)
   430 |ADVrTr17| 23 |       |WM      LR|mmolC/.m^3/s    |Vertical   Advective Flux of PIC
   431 |ADVxTr17| 23 |   432 |UU      MR|mmolC/.m^3/s    |Zonal      Advective Flux of PIC
   432 |ADVyTr17| 23 |   431 |VV      MR|mmolC/.m^3/s    |Meridional Advective Flux of PIC
   433 |DFrETr17| 23 |       |WM      LR|mmolC/.m^3/s    |Vertical Diffusive Flux of PIC (Explicit part)
   434 |DFxETr17| 23 |   435 |UU      MR|mmolC/.m^3/s    |Zonal      Diffusive Flux of PIC
   435 |DFyETr17| 23 |   434 |VV      MR|mmolC/.m^3/s    |Meridional Diffusive Flux of PIC
   436 |DFrITr17| 23 |       |WM      LR|mmolC/.m^3/s    |Vertical Diffusive Flux of PIC (Implicit part)
   437 |KPPgTr17| 23 |       |WM      LR|mmolC/.m^3/s    |KPP non-local Flux of PIC
   438 |TRAC18  | 23 |       |SMR     MR|mmol eq         |ALK concentration
   439 |UTRAC18 | 23 |   440 |UUr     MR|mmoleq.m/s      |Zonal Mass-Weighted Transp of ALK
   440 |VTRAC18 | 23 |   439 |VVr     MR|mmoleq.m/s      |Merid Mass-Weighted Transp of ALK
   441 |WTRAC18 | 23 |       |WM      MR|mmoleq.m/s      |Vert  Mass-Weighted Transp of ALK
   442 |ForcTr18| 23 |       |SMR     MR|mmoleq/s        |ALK forcing tendency
   443 |AB_gTr18| 23 |       |SMR     MR|mmoleq/s        |ALK tendency from Adams-Bashforth
   444 |Tp_gTr18| 23 |       |SMR     MR|mmoleq/s        |ALK total transport tendency (before gchem_forcing_sep)
   445 |ADVrTr18| 23 |       |WM      LR|mmoleq.m^3/s    |Vertical   Advective Flux of ALK
   446 |ADVxTr18| 23 |   447 |UU      MR|mmoleq.m^3/s    |Zonal      Advective Flux of ALK
   447 |ADVyTr18| 23 |   446 |VV      MR|mmoleq.m^3/s    |Meridional Advective Flux of ALK
   448 |DFrETr18| 23 |       |WM      LR|mmoleq.m^3/s    |Vertical Diffusive Flux of ALK (Explicit part)
   449 |DFxETr18| 23 |   450 |UU      MR|mmoleq.m^3/s    |Zonal      Diffusive Flux of ALK
   450 |DFyETr18| 23 |   449 |VV      MR|mmoleq.m^3/s    |Meridional Diffusive Flux of ALK
   451 |DFrITr18| 23 |       |WM      LR|mmoleq.m^3/s    |Vertical Diffusive Flux of ALK (Implicit part)
   452 |KPPgTr18| 23 |       |WM      LR|mmoleq.m^3/s    |KPP non-local Flux of ALK
   453 |TRAC19  | 23 |       |SMR     MR|mmol O/         |O2 concentration
   454 |UTRAC19 | 23 |   455 |UUr     MR|mmolO/.m/s      |Zonal Mass-Weighted Transp of O2
   455 |VTRAC19 | 23 |   454 |VVr     MR|mmolO/.m/s      |Merid Mass-Weighted Transp of O2
   456 |WTRAC19 | 23 |       |WM      MR|mmolO/.m/s      |Vert  Mass-Weighted Transp of O2
   457 |ForcTr19| 23 |       |SMR     MR|mmolO//s        |O2 forcing tendency
   458 |AB_gTr19| 23 |       |SMR     MR|mmolO//s        |O2 tendency from Adams-Bashforth
   459 |Tp_gTr19| 23 |       |SMR     MR|mmolO//s        |O2 total transport tendency (before gchem_forcing_sep)
   460 |ADVrTr19| 23 |       |WM      LR|mmolO/.m^3/s    |Vertical   Advective Flux of O2
   461 |ADVxTr19| 23 |   462 |UU      MR|mmolO/.m^3/s    |Zonal      Advective Flux of O2
   462 |ADVyTr19| 23 |   461 |VV      MR|mmolO/.m^3/s    |Meridional Advective Flux of O2
   463 |DFrETr19| 23 |       |WM      LR|mmolO/.m^3/s    |Vertical Diffusive Flux of O2 (Explicit part)
   464 |DFxETr19| 23 |   465 |UU      MR|mmolO/.m^3/s    |Zonal      Diffusive Flux of O2
   465 |DFyETr19| 23 |   464 |VV      MR|mmolO/.m^3/s    |Meridional Diffusive Flux of O2
   466 |DFrITr19| 23 |       |WM      LR|mmolO/.m^3/s    |Vertical Diffusive Flux of O2 (Implicit part)
   467 |KPPgTr19| 23 |       |WM      LR|mmolO/.m^3/s    |KPP non-local Flux of O2
   468 |TRAC20  | 23 |       |SMR     MR|mmol C/         |c01 concentration
   469 |UTRAC20 | 23 |   470 |UUr     MR|mmolC/.m/s      |Zonal Mass-Weighted Transp of c01
   470 |VTRAC20 | 23 |   469 |VVr     MR|mmolC/.m/s      |Merid Mass-Weighted Transp of c01
   471 |WTRAC20 | 23 |       |WM      MR|mmolC/.m/s      |Vert  Mass-Weighted Transp of c01
   472 |ForcTr20| 23 |       |SMR     MR|mmolC//s        |c01 forcing tendency
   473 |AB_gTr20| 23 |       |SMR     MR|mmolC//s        |c01 tendency from Adams-Bashforth
   474 |Tp_gTr20| 23 |       |SMR     MR|mmolC//s        |c01 total transport tendency (before gchem_forcing_sep)
   475 |ADVrTr20| 23 |       |WM      LR|mmolC/.m^3/s    |Vertical   Advective Flux of c01
   476 |ADVxTr20| 23 |   477 |UU      MR|mmolC/.m^3/s    |Zonal      Advective Flux of c01
   477 |ADVyTr20| 23 |   476 |VV      MR|mmolC/.m^3/s    |Meridional Advective Flux of c01
   478 |DFrETr20| 23 |       |WM      LR|mmolC/.m^3/s    |Vertical Diffusive Flux of c01 (Explicit part)
   479 |DFxETr20| 23 |   480 |UU      MR|mmolC/.m^3/s    |Zonal      Diffusive Flux of c01
   480 |DFyETr20| 23 |   479 |VV      MR|mmolC/.m^3/s    |Meridional Diffusive Flux of c01
   481 |DFrITr20| 23 |       |WM      LR|mmolC/.m^3/s    |Vertical Diffusive Flux of c01 (Implicit part)
   482 |KPPgTr20| 23 |       |WM      LR|mmolC/.m^3/s    |KPP non-local Flux of c01
   483 |TRAC21  | 23 |       |SMR     MR|logx mm         |xm01 concentration
   484 |UTRAC21 | 23 |   485 |UUr     MR|logxmm.m/s      |Zonal Mass-Weighted Transp of xm01
   485 |VTRAC21 | 23 |   484 |VVr     MR|logxmm.m/s      |Merid Mass-Weighted Transp of xm01
   486 |WTRAC21 | 23 |       |WM      MR|logxmm.m/s      |Vert  Mass-Weighted Transp of xm01
   487 |ForcTr21| 23 |       |SMR     MR|logxmm/s        |xm01 forcing tendency
   488 |AB_gTr21| 23 |       |SMR     MR|logxmm/s        |xm01 tendency from Adams-Bashforth
   489 |Tp_gTr21| 23 |       |SMR     MR|logxmm/s        |xm01 total transport tendency (before gchem_forcing_sep)
   490 |ADVrTr21| 23 |       |WM      LR|logxmm.m^3/s    |Vertical   Advective Flux of xm01
   491 |ADVxTr21| 23 |   492 |UU      MR|logxmm.m^3/s    |Zonal      Advective Flux of xm01
   492 |ADVyTr21| 23 |   491 |VV      MR|logxmm.m^3/s    |Meridional Advective Flux of xm01
   493 |DFrETr21| 23 |       |WM      LR|logxmm.m^3/s    |Vertical Diffusive Flux of xm01 (Explicit part)
   494 |DFxETr21| 23 |   495 |UU      MR|logxmm.m^3/s    |Zonal      Diffusive Flux of xm01
   495 |DFyETr21| 23 |   494 |VV      MR|logxmm.m^3/s    |Meridional Diffusive Flux of xm01
   496 |DFrITr21| 23 |       |WM      LR|logxmm.m^3/s    |Vertical Diffusive Flux of xm01 (Implicit part)
   497 |KPPgTr21| 23 |       |WM      LR|logxmm.m^3/s    |KPP non-local Flux of xm01
   498 |TRAC22  | 23 |       |SMR     MR|degC mm         |ym01 concentration
   499 |UTRAC22 | 23 |   500 |UUr     MR|degCmm.m/s      |Zonal Mass-Weighted Transp of ym01
------------------------------------------------------------------------------------
  Num  |<-Name->|Levs|  mate |<- code ->|<--  Units   -->|<- Tile (max=80c)         
------------------------------------------------------------------------------------
   500 |VTRAC22 | 23 |   499 |VVr     MR|degCmm.m/s      |Merid Mass-Weighted Transp of ym01
   501 |WTRAC22 | 23 |       |WM      MR|degCmm.m/s      |Vert  Mass-Weighted Transp of ym01
   502 |ForcTr22| 23 |       |SMR     MR|degCmm/s        |ym01 forcing tendency
   503 |AB_gTr22| 23 |       |SMR     MR|degCmm/s        |ym01 tendency from Adams-Bashforth
   504 |Tp_gTr22| 23 |       |SMR     MR|degCmm/s        |ym01 total transport tendency (before gchem_forcing_sep)
   505 |ADVrTr22| 23 |       |WM      LR|degCmm.m^3/s    |Vertical   Advective Flux of ym01
   506 |ADVxTr22| 23 |   507 |UU      MR|degCmm.m^3/s    |Zonal      Advective Flux of ym01
   507 |ADVyTr22| 23 |   506 |VV      MR|degCmm.m^3/s    |Meridional Advective Flux of ym01
   508 |DFrETr22| 23 |       |WM      LR|degCmm.m^3/s    |Vertical Diffusive Flux of ym01 (Explicit part)
   509 |DFxETr22| 23 |   510 |UU      MR|degCmm.m^3/s    |Zonal      Diffusive Flux of ym01
   510 |DFyETr22| 23 |   509 |VV      MR|degCmm.m^3/s    |Meridional Diffusive Flux of ym01
   511 |DFrITr22| 23 |       |WM      LR|degCmm.m^3/s    |Vertical Diffusive Flux of ym01 (Implicit part)
   512 |KPPgTr22| 23 |       |WM      LR|degCmm.m^3/s    |KPP non-local Flux of ym01
   513 |TRAC23  | 23 |       |SMR     MR|logz mm         |zm01 concentration
   514 |UTRAC23 | 23 |   515 |UUr     MR|logzmm.m/s      |Zonal Mass-Weighted Transp of zm01
   515 |VTRAC23 | 23 |   514 |VVr     MR|logzmm.m/s      |Merid Mass-Weighted Transp of zm01
   516 |WTRAC23 | 23 |       |WM      MR|logzmm.m/s      |Vert  Mass-Weighted Transp of zm01
   517 |ForcTr23| 23 |       |SMR     MR|logzmm/s        |zm01 forcing tendency
   518 |AB_gTr23| 23 |       |SMR     MR|logzmm/s        |zm01 tendency from Adams-Bashforth
   519 |Tp_gTr23| 23 |       |SMR     MR|logzmm/s        |zm01 total transport tendency (before gchem_forcing_sep)
   520 |ADVrTr23| 23 |       |WM      LR|logzmm.m^3/s    |Vertical   Advective Flux of zm01
   521 |ADVxTr23| 23 |   522 |UU      MR|logzmm.m^3/s    |Zonal      Advective Flux of zm01
   522 |ADVyTr23| 23 |   521 |VV      MR|logzmm.m^3/s    |Meridional Advective Flux of zm01
   523 |DFrETr23| 23 |       |WM      LR|logzmm.m^3/s    |Vertical Diffusive Flux of zm01 (Explicit part)
   524 |DFxETr23| 23 |   525 |UU      MR|logzmm.m^3/s    |Zonal      Diffusive Flux of zm01
   525 |DFyETr23| 23 |   524 |VV      MR|logzmm.m^3/s    |Meridional Diffusive Flux of zm01
   526 |DFrITr23| 23 |       |WM      LR|logzmm.m^3/s    |Vertical Diffusive Flux of zm01 (Implicit part)
   527 |KPPgTr23| 23 |       |WM      LR|logzmm.m^3/s    |KPP non-local Flux of zm01
   528 |TRAC24  | 23 |       |SMR     MR|logx^2          |xxv01 concentration
   529 |UTRAC24 | 23 |   530 |UUr     MR|logx^2.m/s      |Zonal Mass-Weighted Transp of xxv01
   530 |VTRAC24 | 23 |   529 |VVr     MR|logx^2.m/s      |Merid Mass-Weighted Transp of xxv01
   531 |WTRAC24 | 23 |       |WM      MR|logx^2.m/s      |Vert  Mass-Weighted Transp of xxv01
   532 |ForcTr24| 23 |       |SMR     MR|logx^2/s        |xxv01 forcing tendency
   533 |AB_gTr24| 23 |       |SMR     MR|logx^2/s        |xxv01 tendency from Adams-Bashforth
   534 |Tp_gTr24| 23 |       |SMR     MR|logx^2/s        |xxv01 total transport tendency (before gchem_forcing_sep)
   535 |ADVrTr24| 23 |       |WM      LR|logx^2.m^3/s    |Vertical   Advective Flux of xxv01
   536 |ADVxTr24| 23 |   537 |UU      MR|logx^2.m^3/s    |Zonal      Advective Flux of xxv01
   537 |ADVyTr24| 23 |   536 |VV      MR|logx^2.m^3/s    |Meridional Advective Flux of xxv01
   538 |DFrETr24| 23 |       |WM      LR|logx^2.m^3/s    |Vertical Diffusive Flux of xxv01 (Explicit part)
   539 |DFxETr24| 23 |   540 |UU      MR|logx^2.m^3/s    |Zonal      Diffusive Flux of xxv01
   540 |DFyETr24| 23 |   539 |VV      MR|logx^2.m^3/s    |Meridional Diffusive Flux of xxv01
   541 |DFrITr24| 23 |       |WM      LR|logx^2.m^3/s    |Vertical Diffusive Flux of xxv01 (Implicit part)
   542 |KPPgTr24| 23 |       |WM      LR|logx^2.m^3/s    |KPP non-local Flux of xxv01
   543 |TRAC25  | 23 |       |SMR     MR|degC^2          |yyv01 concentration
   544 |UTRAC25 | 23 |   545 |UUr     MR|degC^2.m/s      |Zonal Mass-Weighted Transp of yyv01
   545 |VTRAC25 | 23 |   544 |VVr     MR|degC^2.m/s      |Merid Mass-Weighted Transp of yyv01
   546 |WTRAC25 | 23 |       |WM      MR|degC^2.m/s      |Vert  Mass-Weighted Transp of yyv01
   547 |ForcTr25| 23 |       |SMR     MR|degC^2/s        |yyv01 forcing tendency
   548 |AB_gTr25| 23 |       |SMR     MR|degC^2/s        |yyv01 tendency from Adams-Bashforth
   549 |Tp_gTr25| 23 |       |SMR     MR|degC^2/s        |yyv01 total transport tendency (before gchem_forcing_sep)
   550 |ADVrTr25| 23 |       |WM      LR|degC^2.m^3/s    |Vertical   Advective Flux of yyv01
   551 |ADVxTr25| 23 |   552 |UU      MR|degC^2.m^3/s    |Zonal      Advective Flux of yyv01
   552 |ADVyTr25| 23 |   551 |VV      MR|degC^2.m^3/s    |Meridional Advective Flux of yyv01
   553 |DFrETr25| 23 |       |WM      LR|degC^2.m^3/s    |Vertical Diffusive Flux of yyv01 (Explicit part)
   554 |DFxETr25| 23 |   555 |UU      MR|degC^2.m^3/s    |Zonal      Diffusive Flux of yyv01
   555 |DFyETr25| 23 |   554 |VV      MR|degC^2.m^3/s    |Meridional Diffusive Flux of yyv01
   556 |DFrITr25| 23 |       |WM      LR|degC^2.m^3/s    |Vertical Diffusive Flux of yyv01 (Implicit part)
   557 |KPPgTr25| 23 |       |WM      LR|degC^2.m^3/s    |KPP non-local Flux of yyv01
   558 |TRAC26  | 23 |       |SMR     MR|logz^2          |zzv01 concentration
   559 |UTRAC26 | 23 |   560 |UUr     MR|logz^2.m/s      |Zonal Mass-Weighted Transp of zzv01
   560 |VTRAC26 | 23 |   559 |VVr     MR|logz^2.m/s      |Merid Mass-Weighted Transp of zzv01
   561 |WTRAC26 | 23 |       |WM      MR|logz^2.m/s      |Vert  Mass-Weighted Transp of zzv01
   562 |ForcTr26| 23 |       |SMR     MR|logz^2/s        |zzv01 forcing tendency
   563 |AB_gTr26| 23 |       |SMR     MR|logz^2/s        |zzv01 tendency from Adams-Bashforth
   564 |Tp_gTr26| 23 |       |SMR     MR|logz^2/s        |zzv01 total transport tendency (before gchem_forcing_sep)
   565 |ADVrTr26| 23 |       |WM      LR|logz^2.m^3/s    |Vertical   Advective Flux of zzv01
   566 |ADVxTr26| 23 |   567 |UU      MR|logz^2.m^3/s    |Zonal      Advective Flux of zzv01
   567 |ADVyTr26| 23 |   566 |VV      MR|logz^2.m^3/s    |Meridional Advective Flux of zzv01
   568 |DFrETr26| 23 |       |WM      LR|logz^2.m^3/s    |Vertical Diffusive Flux of zzv01 (Explicit part)
   569 |DFxETr26| 23 |   570 |UU      MR|logz^2.m^3/s    |Zonal      Diffusive Flux of zzv01
   570 |DFyETr26| 23 |   569 |VV      MR|logz^2.m^3/s    |Meridional Diffusive Flux of zzv01
   571 |DFrITr26| 23 |       |WM      LR|logz^2.m^3/s    |Vertical Diffusive Flux of zzv01 (Implicit part)
   572 |KPPgTr26| 23 |       |WM      LR|logz^2.m^3/s    |KPP non-local Flux of zzv01
   573 |TRAC27  | 23 |       |SMR     MR|logx de         |xyc01 concentration
   574 |UTRAC27 | 23 |   575 |UUr     MR|logxde.m/s      |Zonal Mass-Weighted Transp of xyc01
   575 |VTRAC27 | 23 |   574 |VVr     MR|logxde.m/s      |Merid Mass-Weighted Transp of xyc01
   576 |WTRAC27 | 23 |       |WM      MR|logxde.m/s      |Vert  Mass-Weighted Transp of xyc01
   577 |ForcTr27| 23 |       |SMR     MR|logxde/s        |xyc01 forcing tendency
   578 |AB_gTr27| 23 |       |SMR     MR|logxde/s        |xyc01 tendency from Adams-Bashforth
   579 |Tp_gTr27| 23 |       |SMR     MR|logxde/s        |xyc01 total transport tendency (before gchem_forcing_sep)
   580 |ADVrTr27| 23 |       |WM      LR|logxde.m^3/s    |Vertical   Advective Flux of xyc01
   581 |ADVxTr27| 23 |   582 |UU      MR|logxde.m^3/s    |Zonal      Advective Flux of xyc01
   582 |ADVyTr27| 23 |   581 |VV      MR|logxde.m^3/s    |Meridional Advective Flux of xyc01
   583 |DFrETr27| 23 |       |WM      LR|logxde.m^3/s    |Vertical Diffusive Flux of xyc01 (Explicit part)
   584 |DFxETr27| 23 |   585 |UU      MR|logxde.m^3/s    |Zonal      Diffusive Flux of xyc01
   585 |DFyETr27| 23 |   584 |VV      MR|logxde.m^3/s    |Meridional Diffusive Flux of xyc01
   586 |DFrITr27| 23 |       |WM      LR|logxde.m^3/s    |Vertical Diffusive Flux of xyc01 (Implicit part)
   587 |KPPgTr27| 23 |       |WM      LR|logxde.m^3/s    |KPP non-local Flux of xyc01
   588 |TRAC28  | 23 |       |SMR     MR|logx lo         |xzc01 concentration
   589 |UTRAC28 | 23 |   590 |UUr     MR|logxlo.m/s      |Zonal Mass-Weighted Transp of xzc01
   590 |VTRAC28 | 23 |   589 |VVr     MR|logxlo.m/s      |Merid Mass-Weighted Transp of xzc01
   591 |WTRAC28 | 23 |       |WM      MR|logxlo.m/s      |Vert  Mass-Weighted Transp of xzc01
   592 |ForcTr28| 23 |       |SMR     MR|logxlo/s        |xzc01 forcing tendency
   593 |AB_gTr28| 23 |       |SMR     MR|logxlo/s        |xzc01 tendency from Adams-Bashforth
   594 |Tp_gTr28| 23 |       |SMR     MR|logxlo/s        |xzc01 total transport tendency (before gchem_forcing_sep)
   595 |ADVrTr28| 23 |       |WM      LR|logxlo.m^3/s    |Vertical   Advective Flux of xzc01
   596 |ADVxTr28| 23 |   597 |UU      MR|logxlo.m^3/s    |Zonal      Advective Flux of xzc01
   597 |ADVyTr28| 23 |   596 |VV      MR|logxlo.m^3/s    |Meridional Advective Flux of xzc01
   598 |DFrETr28| 23 |       |WM      LR|logxlo.m^3/s    |Vertical Diffusive Flux of xzc01 (Explicit part)
   599 |DFxETr28| 23 |   600 |UU      MR|logxlo.m^3/s    |Zonal      Diffusive Flux of xzc01
------------------------------------------------------------------------------------
  Num  |<-Name->|Levs|  mate |<- code ->|<--  Units   -->|<- Tile (max=80c)         
------------------------------------------------------------------------------------
   600 |DFyETr28| 23 |   599 |VV      MR|logxlo.m^3/s    |Meridional Diffusive Flux of xzc01
   601 |DFrITr28| 23 |       |WM      LR|logxlo.m^3/s    |Vertical Diffusive Flux of xzc01 (Implicit part)
   602 |KPPgTr28| 23 |       |WM      LR|logxlo.m^3/s    |KPP non-local Flux of xzc01
   603 |TRAC29  | 23 |       |SMR     MR|degC lo         |yzc01 concentration
   604 |UTRAC29 | 23 |   605 |UUr     MR|degClo.m/s      |Zonal Mass-Weighted Transp of yzc01
   605 |VTRAC29 | 23 |   604 |VVr     MR|degClo.m/s      |Merid Mass-Weighted Transp of yzc01
   606 |WTRAC29 | 23 |       |WM      MR|degClo.m/s      |Vert  Mass-Weighted Transp of yzc01
   607 |ForcTr29| 23 |       |SMR     MR|degClo/s        |yzc01 forcing tendency
   608 |AB_gTr29| 23 |       |SMR     MR|degClo/s        |yzc01 tendency from Adams-Bashforth
   609 |Tp_gTr29| 23 |       |SMR     MR|degClo/s        |yzc01 total transport tendency (before gchem_forcing_sep)
   610 |ADVrTr29| 23 |       |WM      LR|degClo.m^3/s    |Vertical   Advective Flux of yzc01
   611 |ADVxTr29| 23 |   612 |UU      MR|degClo.m^3/s    |Zonal      Advective Flux of yzc01
   612 |ADVyTr29| 23 |   611 |VV      MR|degClo.m^3/s    |Meridional Advective Flux of yzc01
   613 |DFrETr29| 23 |       |WM      LR|degClo.m^3/s    |Vertical Diffusive Flux of yzc01 (Explicit part)
   614 |DFxETr29| 23 |   615 |UU      MR|degClo.m^3/s    |Zonal      Diffusive Flux of yzc01
   615 |DFyETr29| 23 |   614 |VV      MR|degClo.m^3/s    |Meridional Diffusive Flux of yzc01
   616 |DFrITr29| 23 |       |WM      LR|degClo.m^3/s    |Vertical Diffusive Flux of yzc01 (Implicit part)
   617 |KPPgTr29| 23 |       |WM      LR|degClo.m^3/s    |KPP non-local Flux of yzc01
   618 |TRAC30  | 23 |       |SMR     MR|mmol C/         |c02 concentration
   619 |UTRAC30 | 23 |   620 |UUr     MR|mmolC/.m/s      |Zonal Mass-Weighted Transp of c02
   620 |VTRAC30 | 23 |   619 |VVr     MR|mmolC/.m/s      |Merid Mass-Weighted Transp of c02
   621 |WTRAC30 | 23 |       |WM      MR|mmolC/.m/s      |Vert  Mass-Weighted Transp of c02
   622 |ForcTr30| 23 |       |SMR     MR|mmolC//s        |c02 forcing tendency
   623 |AB_gTr30| 23 |       |SMR     MR|mmolC//s        |c02 tendency from Adams-Bashforth
   624 |Tp_gTr30| 23 |       |SMR     MR|mmolC//s        |c02 total transport tendency (before gchem_forcing_sep)
   625 |ADVrTr30| 23 |       |WM      LR|mmolC/.m^3/s    |Vertical   Advective Flux of c02
   626 |ADVxTr30| 23 |   627 |UU      MR|mmolC/.m^3/s    |Zonal      Advective Flux of c02
   627 |ADVyTr30| 23 |   626 |VV      MR|mmolC/.m^3/s    |Meridional Advective Flux of c02
   628 |DFrETr30| 23 |       |WM      LR|mmolC/.m^3/s    |Vertical Diffusive Flux of c02 (Explicit part)
   629 |DFxETr30| 23 |   630 |UU      MR|mmolC/.m^3/s    |Zonal      Diffusive Flux of c02
   630 |DFyETr30| 23 |   629 |VV      MR|mmolC/.m^3/s    |Meridional Diffusive Flux of c02
   631 |DFrITr30| 23 |       |WM      LR|mmolC/.m^3/s    |Vertical Diffusive Flux of c02 (Implicit part)
   632 |KPPgTr30| 23 |       |WM      LR|mmolC/.m^3/s    |KPP non-local Flux of c02
   633 |Add2EmP |  1 |       |SM      U1|kg/m^2/s        |additional EmP from salt relaxation
   634 |PP      | 23 |       |SMRP    MR|mmol C/m^3/s    |Primary Production
   635 |Nfix    | 23 |       |SMRP    MR|mmol N/m^3/s    |N fixation
   636 |Denit   | 23 |       |SMRP    MR|mmol N/m^3/s    |Denitrification
   637 |DenitN  | 23 |       |SMRP    MR|mmol N/m^3/s    |Nitrogen loss due to denitrification
   638 |atten   | 23 |       |SMRP    MR|1               |attenuation in layer
   639 |PARF    | 23 |       |SMRP    LR|uEin/m^2/s      |PAR at top of layer
   640 |PAR     | 23 |       |SMRP    MR|uEin/m^2/s      |total PAR at layer center
   641 |C_DIN   | 23 |       |SM P    MR|mmolN/m3/s      |consumption of DIN
   642 |C_PO4   | 23 |       |SM P    MR|mmolP/m3/s      |consumption of PO4
   643 |C_Si    | 23 |       |SM P    MR|mmolSi/m3/s     |consumption of Si
   644 |C_Fe    | 23 |       |SM P    MR|mmolFe/m3/s     |consumption of Fe
   645 |S_DIN   | 23 |       |SM      MR|mmolN/m3/s      |non-transport source of DIN
   646 |S_PO4   | 23 |       |SM      MR|mmolP/m3/s      |non-transport source of PO4
   647 |S_Si    | 23 |       |SM      MR|mmolSi/m3/s     |non-transport source of Si
   648 |S_Fe    | 23 |       |SM      MR|mmolFe/m3/s     |non-transport source of Fe
   649 |gDAR01  | 23 |       |SMR     MR|mmolC//s        |DIC tendency from DARWIN
   650 |gDAR02  | 23 |       |SMR     MR|mmolN//s        |NO3 tendency from DARWIN
   651 |gDAR03  | 23 |       |SMR     MR|mmolN//s        |NO2 tendency from DARWIN
   652 |gDAR04  | 23 |       |SMR     MR|mmolN//s        |NH4 tendency from DARWIN
   653 |gDAR05  | 23 |       |SMR     MR|mmolP//s        |PO4 tendency from DARWIN
   654 |gDAR06  | 23 |       |SMR     MR|mmolFe/s        |FeT tendency from DARWIN
   655 |gDAR07  | 23 |       |SMR     MR|mmolSi/s        |SiO2 tendency from DARWIN
   656 |gDAR08  | 23 |       |SMR     MR|mmolC//s        |DOC tendency from DARWIN
   657 |gDAR09  | 23 |       |SMR     MR|mmolN//s        |DON tendency from DARWIN
   658 |gDAR10  | 23 |       |SMR     MR|mmolP//s        |DOP tendency from DARWIN
   659 |gDAR11  | 23 |       |SMR     MR|mmolFe/s        |DOFe tendency from DARWIN
   660 |gDAR12  | 23 |       |SMR     MR|mmolC//s        |POC tendency from DARWIN
   661 |gDAR13  | 23 |       |SMR     MR|mmolN//s        |PON tendency from DARWIN
   662 |gDAR14  | 23 |       |SMR     MR|mmolP//s        |POP tendency from DARWIN
   663 |gDAR15  | 23 |       |SMR     MR|mmolFe/s        |POFe tendency from DARWIN
   664 |gDAR16  | 23 |       |SMR     MR|mmolSi/s        |POSi tendency from DARWIN
   665 |gDAR17  | 23 |       |SMR     MR|mmolC//s        |PIC tendency from DARWIN
   666 |gDAR18  | 23 |       |SMR     MR|mmoleq/s        |ALK tendency from DARWIN
   667 |gDAR19  | 23 |       |SMR     MR|mmolO//s        |O2 tendency from DARWIN
   668 |gDAR20  | 23 |       |SMR     MR|mmolC//s        |c01 tendency from DARWIN
   669 |gDAR21  | 23 |       |SMR     MR|logxmm/s        |xm01 tendency from DARWIN
   670 |gDAR22  | 23 |       |SMR     MR|degCmm/s        |ym01 tendency from DARWIN
   671 |gDAR23  | 23 |       |SMR     MR|logzmm/s        |zm01 tendency from DARWIN
   672 |gDAR24  | 23 |       |SMR     MR|logx^2/s        |xxv01 tendency from DARWIN
   673 |gDAR25  | 23 |       |SMR     MR|degC^2/s        |yyv01 tendency from DARWIN
   674 |gDAR26  | 23 |       |SMR     MR|logz^2/s        |zzv01 tendency from DARWIN
   675 |gDAR27  | 23 |       |SMR     MR|logxde/s        |xyc01 tendency from DARWIN
   676 |gDAR28  | 23 |       |SMR     MR|logxlo/s        |xzc01 tendency from DARWIN
   677 |gDAR29  | 23 |       |SMR     MR|degClo/s        |yzc01 tendency from DARWIN
   678 |gDAR30  | 23 |       |SMR     MR|mmolC//s        |c02 tendency from DARWIN
   679 |PP0001  | 23 |       |SMRP    MR|mmol C/m^3/s    |Primary Production plankton    1
   680 |GR0001  | 23 |       |SMRP    MR|mmol C/m^3/s    |Grazing loss of plankton    1
   681 |GrGn0001| 23 |       |SMRP    MR|mmol C/m^3/s    |Grazing gain of plankton    1
   682 |PP0002  | 23 |       |SMRP    MR|mmol C/m^3/s    |Primary Production plankton    2
   683 |GR0002  | 23 |       |SMRP    MR|mmol C/m^3/s    |Grazing loss of plankton    2
   684 |GrGn0002| 23 |       |SMRP    MR|mmol C/m^3/s    |Grazing gain of plankton    2
   685 |sfcSolFe|  1 |       |SM P    L1|mmol Fe/m2/s    |Soluble iron input at sea surface
   686 |pH      | 23 |       |SMR     MR|1               |pH
   687 |pCO2    | 23 |       |SMRP    MR|atm             |Partial Pressure of CO2
   688 |fugfCO2 |  1 |       |SM P    L1|atm             |Fugacity factor of CO2 (atm)
   689 |fluxCO2 |  1 |       |SM      L1|mmol C/m2/s     |Flux of CO2 - air-sea exch
   690 |gDICsurf|  1 |       |SM      L1|mmol C/m3/s     |Tendency of DIC due to air-sea exch + oldvirt.flux
   691 |gALKsurf|  1 |       |SM      L1|mmol eq/m3/s    |Tendency of ALK due to oldvirt.flux
   692 |gO2surf |  1 |       |SM      L1|mmol O2/m3/s    |Tendency of O2 due to air-sea exch
   693 |surfPAR |  1 |       |SM P    L1|uEin/m^2/s      |PAR forcing at surface
   694 |surfiron|  1 |       |SM P    L1|mmol Fe/m^2/s   |iron forcing at surface
   695 |DARice  |  1 |       |SM P    L1|m^2/m^2         |ice area fraction
   696 |DARwind |  1 |       |SM P    L1|m/s             |wind speed used for carbon exchange
   697 |surfpCO2|  1 |       |SM P    L1|mol/mol         |surface pCO2
   698 |GC_Tr01 | 23 |       |SMR     MR|mmol C/         |DIC concentration before GCHEM
   699 |GC_Tr02 | 23 |       |SMR     MR|mmol N/         |NO3 concentration before GCHEM
------------------------------------------------------------------------------------
  Num  |<-Name->|Levs|  mate |<- code ->|<--  Units   -->|<- Tile (max=80c)         
------------------------------------------------------------------------------------
   700 |GC_Tr03 | 23 |       |SMR     MR|mmol N/         |NO2 concentration before GCHEM
   701 |GC_Tr04 | 23 |       |SMR     MR|mmol N/         |NH4 concentration before GCHEM
   702 |GC_Tr05 | 23 |       |SMR     MR|mmol P/         |PO4 concentration before GCHEM
   703 |GC_Tr06 | 23 |       |SMR     MR|mmol Fe         |FeT concentration before GCHEM
   704 |GC_Tr07 | 23 |       |SMR     MR|mmol Si         |SiO2 concentration before GCHEM
   705 |GC_Tr08 | 23 |       |SMR     MR|mmol C/         |DOC concentration before GCHEM
   706 |GC_Tr09 | 23 |       |SMR     MR|mmol N/         |DON concentration before GCHEM
   707 |GC_Tr10 | 23 |       |SMR     MR|mmol P/         |DOP concentration before GCHEM
   708 |GC_Tr11 | 23 |       |SMR     MR|mmol Fe         |DOFe concentration before GCHEM
   709 |GC_Tr12 | 23 |       |SMR     MR|mmol C/         |POC concentration before GCHEM
   710 |GC_Tr13 | 23 |       |SMR     MR|mmol N/         |PON concentration before GCHEM
   711 |GC_Tr14 | 23 |       |SMR     MR|mmol P/         |POP concentration before GCHEM
   712 |GC_Tr15 | 23 |       |SMR     MR|mmol Fe         |POFe concentration before GCHEM
   713 |GC_Tr16 | 23 |       |SMR     MR|mmol Si         |POSi concentration before GCHEM
   714 |GC_Tr17 | 23 |       |SMR     MR|mmol C/         |PIC concentration before GCHEM
   715 |GC_Tr18 | 23 |       |SMR     MR|mmol eq         |ALK concentration before GCHEM
   716 |GC_Tr19 | 23 |       |SMR     MR|mmol O/         |O2 concentration before GCHEM
   717 |GC_Tr20 | 23 |       |SMR     MR|mmol C/         |c01 concentration before GCHEM
   718 |GC_Tr21 | 23 |       |SMR     MR|logx mm         |xm01 concentration before GCHEM
   719 |GC_Tr22 | 23 |       |SMR     MR|degC mm         |ym01 concentration before GCHEM
   720 |GC_Tr23 | 23 |       |SMR     MR|logz mm         |zm01 concentration before GCHEM
   721 |GC_Tr24 | 23 |       |SMR     MR|logx^2          |xxv01 concentration before GCHEM
   722 |GC_Tr25 | 23 |       |SMR     MR|degC^2          |yyv01 concentration before GCHEM
   723 |GC_Tr26 | 23 |       |SMR     MR|logz^2          |zzv01 concentration before GCHEM
   724 |GC_Tr27 | 23 |       |SMR     MR|logx de         |xyc01 concentration before GCHEM
   725 |GC_Tr28 | 23 |       |SMR     MR|logx lo         |xzc01 concentration before GCHEM
   726 |GC_Tr29 | 23 |       |SMR     MR|degC lo         |yzc01 concentration before GCHEM
   727 |GC_Tr30 | 23 |       |SMR     MR|mmol C/         |c02 concentration before GCHEM
------------------------------------------------------------------------------------
  Num  |<-Name->|Levs|  mate |<- code ->|<--  Units   -->|<- Tile (max=80c)         
------------------------------------------------------------------------------------
