Get compiler version using: mpif77 --version
/usr/bin/mpif77
GNU Fortran (Debian 10.2.1-6) 10.2.1 20210110
Copyright (C) 2020 Free Software Foundation, Inc.
This is free software; see the source for copying conditions.  There is NO
warranty; not even for MERCHANTABILITY or FITNESS FOR A PARTICULAR PURPOSE.

<-- compiler version ----

running: check_fortran_compiler
 mpif77 -fconvert=big-endian -fimplicit-none -mcmodel=medium -fallow-argument-mismatch -O3 -funroll-loops -c genmake_tcomp.f
 mpif77 -fconvert=big-endian -fimplicit-none -mcmodel=medium -fallow-argument-mismatch -O3 -funroll-loops -o genmake_tcomp genmake_tcomp.o -L/usr/lib/x86_64-linux-gnu -lnetcdff
 mpirun -np 1 ./genmake_tcomp
Client is not authorized to connect to ServerClient is not authorized to connect to Server hello world :            1
 hello world :            2
 hello world :            3
 --> set FC_CHECK= 5 /5

running: look_for_makedepend()
 --> set MAKEDEPEND=$(TOOLSDIR)/xmakedepend

running: check_HAVE_CLOC()
 running: get_fortran_c_namemangling()
 mpicc -O0 -mcmodel=medium -fallow-argument-mismatch -c genmake_test.c
cc1: warning: command-line option ‘-fallow-argument-mismatch’ is valid for Fortran but not for C
genmake_test.c: In function ‘tcall’:
genmake_test.c:1:31: warning: implicit declaration of function ‘tsub’ [-Wimplicit-function-declaration]
    1 | void tcall( char * string ) { tsub( string ); }
      |                               ^~~~
 mpif77 -fconvert=big-endian -fimplicit-none -mcmodel=medium -fallow-argument-mismatch -c genmake_tcomp.f
 --> set FC_NAMEMANGLE='#define FC_NAMEMANGLE(X)  X ## _'
mpicc -O0 -mcmodel=medium -fallow-argument-mismatch -c genmake_tc_1.c
cc1: warning: command-line option ‘-fallow-argument-mismatch’ is valid for Fortran but not for C
mpif77 -fconvert=big-endian -fimplicit-none -mcmodel=medium -fallow-argument-mismatch -o genmake_tc genmake_tc_2.f genmake_tc_1.o
  HELLO WORLD   1702997582.9410300     
 --> set HAVE_CLOC='t'

running: check_HAVE_SETRLSTK()
mpicc -O0 -mcmodel=medium -fallow-argument-mismatch -c genmake_tc_1.c
cc1: warning: command-line option ‘-fallow-argument-mismatch’ is valid for Fortran but not for C
      program hello
      external setrlstk
      call setrlstk()
      end
mpif77 -fconvert=big-endian -fimplicit-none -mcmodel=medium -fallow-argument-mismatch -o genmake_tc genmake_tc_2.f genmake_tc_1.o
 --> set HAVE_SETRLSTK='t'

running: check_HAVE_SIGREG()
mpicc -O0 -mcmodel=medium -fallow-argument-mismatch -c genmake_tc_1.c
cc1: warning: command-line option ‘-fallow-argument-mismatch’ is valid for Fortran but not for C
genmake_tc_1.c:11:44: warning: ‘struct ucontext’ declared inside parameter list will not be visible outside of this definition or declaration
   11 |     unsigned int sn, siginfo_t  si, struct ucontext *sc )
      |                                            ^~~~~~~~
      program hello
      integer anint
      common /iv/ anint
      external sigreg
      call sigreg(anint)
      end
mpif77 -fconvert=big-endian -fimplicit-none -mcmodel=medium -fallow-argument-mismatch -o genmake_tc genmake_tc_2.f genmake_tc_1.o
 --> set HAVE_SIGREG='t'

running: check_HAVE_STAT()
mpicc -O0 -mcmodel=medium -fallow-argument-mismatch -c genmake_tc_1.c
      program hello
      integer nbyte
      call tfsize(nbyte)
      print *," HELLO WORLD", nbyte
      end
mpif77 -fconvert=big-endian -fimplicit-none -mcmodel=medium -fallow-argument-mismatch -o genmake_tc genmake_tc_2.f genmake_tc_1.o
 --> set HAVE_STAT='t'

running: check_netcdf_libs()
===  genmake_tnc.F  >>>
      program fgennc
#include "netcdf.inc"
      integer iret, ncid, xid
      iret = nf_create('genmake_tnc.nc', NF_CLOBBER, ncid)
      IF (iret .NE. NF_NOERR) write(*,*) NF_STRERROR(iret)
      iret = nf_def_dim(ncid, 'X', 11, xid)
      IF (iret .NE. NF_NOERR) write(*,*) NF_STRERROR(iret)
      iret = nf_close(ncid)
      IF (iret .NE. NF_NOERR) write(*,*) NF_STRERROR(iret)
      end
<<<  genmake_tnc.F  ===
cat genmake_tnc.F |  cpp -traditional -P -DWORDLENGTH=4 -DNML_TERMINATOR -DALLOW_USE_MPI -DHAVE_SYSTEM -DHAVE_FDATE -DHAVE_ETIME_SBR -DHAVE_CLOC -DHAVE_SETRLSTK -DHAVE_SIGREG -DHAVE_STAT -I/usr/include -I/lib/x86_64-linux-gnu/openmpi/include
mpif77  -fconvert=big-endian -fimplicit-none -mcmodel=medium -fallow-argument-mismatch -O3 -funroll-loops -c genmake_tnc.f  \ 
  &&  mpif77  -fconvert=big-endian -fimplicit-none -mcmodel=medium -fallow-argument-mismatch -O3 -funroll-loops -o genmake_tnc.o -L/usr/lib/x86_64-linux-gnu -lnetcdff
check_netcdf: successful
 --> set HAVE_NETCDF='t'

running: check_HAVE_FLUSH()
  check_HAVE_FLUSH: successful
 --> set HAVE_FLUSH='t'
